<?xml version="1.0" encoding="UTF-8"?>
<testng-results ignored="0" total="1" passed="1" failed="0" skipped="0">
  <reporter-output>
  </reporter-output>
  <suite started-at="2023-06-08T19:41:00 IST" name="Default suite" finished-at="2023-06-08T19:41:04 IST" duration-ms="3637">
    <groups>
    </groups>
    <test started-at="2023-06-08T19:41:00 IST" name="Default test" finished-at="2023-06-08T19:41:04 IST" duration-ms="3637">
      <class name="PutPackage.MyPostApi">
        <test-method signature="testPostApi()[pri:0, instance:PutPackage.MyPostApi@1f97cf0d]" started-at="2023-06-08T19:41:00 IST" name="testPostApi" finished-at="2023-06-08T19:41:04 IST" duration-ms="3599" status="PASS">
          <reporter-output>
          </reporter-output>
        </test-method> <!-- testPostApi -->
      </class> <!-- PutPackage.MyPostApi -->
    </test> <!-- Default test -->
  </suite> <!-- Default suite -->
</testng-results>
